The system is: Windows - 10.0.18362 - AMD64
Compiling the C compiler identification source file "CMakeCCompilerId.c" succeeded.
Compiler: C:/MinGW/bin/gcc.exe 
Build flags: 
Id flags:  

The output was:
0


Compilation of the C compiler identification source "CMakeCCompilerId.c" produced "a.exe"

The C compiler identification is GNU, found in "C:/Users/Jeremie/Desktop/code/contests/1358/cmake-build-debug/CMakeFiles/3.16.5/CompilerIdC/a.exe"

Compiling the CXX compiler identification source file "CMakeCXXCompilerId.cpp" succeeded.
Compiler: C:/MinGW/bin/g++.exe 
Build flags: 
Id flags:  

The output was:
0


Compilation of the CXX compiler identification source "CMakeCXXCompilerId.cpp" produced "a.exe"

The CXX compiler identification is GNU, found in "C:/Users/Jeremie/Desktop/code/contests/1358/cmake-build-debug/CMakeFiles/3.16.5/CompilerIdCXX/a.exe"

Determining if the C compiler works passed with the following output:
Change Dir: C:/Users/Jeremie/Desktop/code/contests/1358/cmake-build-debug/CMakeFiles/CMakeTmp

Run Build Command(s):C:/MinGW/bin/mingw32-make.exe cmTC_79fbc/fast && C:/MinGW/bin/mingw32-make.exe -f CMakeFiles\cmTC_79fbc.dir\build.make CMakeFiles/cmTC_79fbc.dir/build
mingw32-make.exe[1]: Entering directory 'C:/Users/Jeremie/Desktop/code/contests/1358/cmake-build-debug/CMakeFiles/CMakeTmp'
Building C object CMakeFiles/cmTC_79fbc.dir/testCCompiler.c.obj
C:\MinGW\bin\gcc.exe    -o CMakeFiles\cmTC_79fbc.dir\testCCompiler.c.obj   -c C:\Users\Jeremie\Desktop\code\contests\1358\cmake-build-debug\CMakeFiles\CMakeTmp\testCCompiler.c
Linking C executable cmTC_79fbc.exe
"C:\Program Files\JetBrains\CLion 2020.1.1\bin\cmake\win\bin\cmake.exe" -E cmake_link_script CMakeFiles\cmTC_79fbc.dir\link.txt --verbose=1
"C:\Program Files\JetBrains\CLion 2020.1.1\bin\cmake\win\bin\cmake.exe" -E remove -f CMakeFiles\cmTC_79fbc.dir/objects.a
C:\MinGW\bin\ar.exe cr CMakeFiles\cmTC_79fbc.dir/objects.a @CMakeFiles\cmTC_79fbc.dir\objects1.rsp
C:\MinGW\bin\gcc.exe      -Wl,--whole-archive CMakeFiles\cmTC_79fbc.dir/objects.a -Wl,--no-whole-archive  -o cmTC_79fbc.exe -Wl,--out-implib,libcmTC_79fbc.dll.a -Wl,--major-image-version,0,--minor-image-version,0 @CMakeFiles\cmTC_79fbc.dir\linklibs.rsp
mingw32-make.exe[1]: Leaving directory 'C:/Users/Jeremie/Desktop/code/contests/1358/cmake-build-debug/CMakeFiles/CMakeTmp'



Determining if the CXX compiler works passed with the following output:
Change Dir: C:/Users/Jeremie/Desktop/code/contests/1358/cmake-build-debug/CMakeFiles/CMakeTmp

Run Build Command(s):C:/MinGW/bin/mingw32-make.exe cmTC_715da/fast && C:/MinGW/bin/mingw32-make.exe -f CMakeFiles\cmTC_715da.dir\build.make CMakeFiles/cmTC_715da.dir/build
mingw32-make.exe[1]: Entering directory 'C:/Users/Jeremie/Desktop/code/contests/1358/cmake-build-debug/CMakeFiles/CMakeTmp'
Building CXX object CMakeFiles/cmTC_715da.dir/testCXXCompiler.cxx.obj
C:\MinGW\bin\g++.exe     -o CMakeFiles\cmTC_715da.dir\testCXXCompiler.cxx.obj -c C:\Users\Jeremie\Desktop\code\contests\1358\cmake-build-debug\CMakeFiles\CMakeTmp\testCXXCompiler.cxx
Linking CXX executable cmTC_715da.exe
"C:\Program Files\JetBrains\CLion 2020.1.1\bin\cmake\win\bin\cmake.exe" -E cmake_link_script CMakeFiles\cmTC_715da.dir\link.txt --verbose=1
"C:\Program Files\JetBrains\CLion 2020.1.1\bin\cmake\win\bin\cmake.exe" -E remove -f CMakeFiles\cmTC_715da.dir/objects.a
C:\MinGW\bin\ar.exe cr CMakeFiles\cmTC_715da.dir/objects.a @CMakeFiles\cmTC_715da.dir\objects1.rsp
C:\MinGW\bin\g++.exe      -Wl,--whole-archive CMakeFiles\cmTC_715da.dir/objects.a -Wl,--no-whole-archive  -o cmTC_715da.exe -Wl,--out-implib,libcmTC_715da.dll.a -Wl,--major-image-version,0,--minor-image-version,0 @CMakeFiles\cmTC_715da.dir\linklibs.rsp
mingw32-make.exe[1]: Leaving directory 'C:/Users/Jeremie/Desktop/code/contests/1358/cmake-build-debug/CMakeFiles/CMakeTmp'



